This is pdfTeX, Version 3.14159265-2.6-1.40.20 (TeX Live 2019/Debian) (preloaded format=pdflatex 2021.5.9)  13 MAR 2023 16:48
entering extended mode
 restricted \write18 enabled.
 file:line:error style messages enabled.
 %&-line parsing enabled.
**/home/irisdaniaj/Workspace/tesi/tesi2.tex
(/home/irisdaniaj/Workspace/tesi/tesi2.tex
LaTeX2e <2020-02-02> patch level 2
L3 programming layer <2020-02-14> (/usr/share/texlive/texmf-dist/tex/latex/base/report.cls
Document Class: report 2019/12/20 v1.4l Standard LaTeX document class
(/usr/share/texlive/texmf-dist/tex/latex/base/size12.clo
File: size12.clo 2019/12/20 v1.4l Standard LaTeX file (size option)
)
\c@part=\count167
\c@chapter=\count168
\c@section=\count169
\c@subsection=\count170
\c@subsubsection=\count171
\c@paragraph=\count172
\c@subparagraph=\count173
\c@figure=\count174
\c@table=\count175
\abovecaptionskip=\skip47
\belowcaptionskip=\skip48
\bibindent=\dimen134
) (/usr/share/texlive/texmf-dist/tex/latex/hyperref/hyperref.sty
Package: hyperref 2020/01/14 v7.00d Hypertext links for LaTeX
 (/usr/share/texlive/texmf-dist/tex/generic/ltxcmds/ltxcmds.sty
Package: ltxcmds 2019/12/15 v1.24 LaTeX kernel commands for general use (HO)
) (/usr/share/texlive/texmf-dist/tex/generic/iftex/iftex.sty
Package: iftex 2019/11/07 v1.0c TeX engine tests
) (/usr/share/texlive/texmf-dist/tex/latex/pdftexcmds/pdftexcmds.sty
Package: pdftexcmds 2019/11/24 v0.31 Utility functions of pdfTeX for LuaTeX (HO)
 (/usr/share/texlive/texmf-dist/tex/generic/infwarerr/infwarerr.sty
Package: infwarerr 2019/12/03 v1.5 Providing info/warning/error messages (HO)
)
Package pdftexcmds Info: \pdf@primitive is available.
Package pdftexcmds Info: \pdf@ifprimitive is available.
Package pdftexcmds Info: \pdfdraftmode found.
) (/usr/share/texlive/texmf-dist/tex/latex/graphics/keyval.sty
Package: keyval 2014/10/28 v1.15 key=value parser (DPC)
\KV@toks@=\toks14
) (/usr/share/texlive/texmf-dist/tex/generic/kvsetkeys/kvsetkeys.sty
Package: kvsetkeys 2019/12/15 v1.18 Key value parser (HO)
) (/usr/share/texlive/texmf-dist/tex/generic/kvdefinekeys/kvdefinekeys.sty
Package: kvdefinekeys 2019-12-19 v1.6 Define keys (HO)
) (/usr/share/texlive/texmf-dist/tex/generic/pdfescape/pdfescape.sty
Package: pdfescape 2019/12/09 v1.15 Implements pdfTeX's escape features (HO)
) (/usr/share/texlive/texmf-dist/tex/latex/hycolor/hycolor.sty
Package: hycolor 2020-01-27 v1.10 Color options for hyperref/bookmark (HO)
) (/usr/share/texlive/texmf-dist/tex/latex/letltxmacro/letltxmacro.sty
Package: letltxmacro 2019/12/03 v1.6 Let assignment for LaTeX macros (HO)
) (/usr/share/texlive/texmf-dist/tex/latex/auxhook/auxhook.sty
Package: auxhook 2019-12-17 v1.6 Hooks for auxiliary files (HO)
) (/usr/share/texlive/texmf-dist/tex/latex/kvoptions/kvoptions.sty
Package: kvoptions 2019/11/29 v3.13 Key value format for package options (HO)
)
\@linkdim=\dimen135
\Hy@linkcounter=\count176
\Hy@pagecounter=\count177
 (/usr/share/texlive/texmf-dist/tex/latex/hyperref/pd1enc.def
File: pd1enc.def 2020/01/14 v7.00d Hyperref: PDFDocEncoding definition (HO)
Now handling font encoding PD1 ...
... no UTF-8 mapping file for font encoding PD1
) (/usr/share/texlive/texmf-dist/tex/generic/intcalc/intcalc.sty
Package: intcalc 2019/12/15 v1.3 Expandable calculations with integers (HO)
) (/usr/share/texlive/texmf-dist/tex/generic/etexcmds/etexcmds.sty
Package: etexcmds 2019/12/15 v1.7 Avoid name clashes with e-TeX commands (HO)
)
\Hy@SavedSpaceFactor=\count178
\pdfmajorversion=\count179
Package hyperref Info: Hyper figures OFF on input line 4547.
Package hyperref Info: Link nesting OFF on input line 4552.
Package hyperref Info: Hyper index ON on input line 4555.
Package hyperref Info: Plain pages OFF on input line 4562.
Package hyperref Info: Backreferencing OFF on input line 4567.
Package hyperref Info: Implicit mode ON; LaTeX internals redefined.
Package hyperref Info: Bookmarks ON on input line 4800.
\c@Hy@tempcnt=\count180
 (/usr/share/texlive/texmf-dist/tex/latex/url/url.sty
\Urlmuskip=\muskip16
Package: url 2013/09/16  ver 3.4  Verb mode for urls, etc.
)
LaTeX Info: Redefining \url on input line 5159.
\XeTeXLinkMargin=\dimen136
 (/usr/share/texlive/texmf-dist/tex/generic/bitset/bitset.sty
Package: bitset 2019/12/09 v1.3 Handle bit-vector datatype (HO)
 (/usr/share/texlive/texmf-dist/tex/generic/bigintcalc/bigintcalc.sty
Package: bigintcalc 2019/12/15 v1.5 Expandable calculations on big integers (HO)
))
\Fld@menulength=\count181
\Field@Width=\dimen137
\Fld@charsize=\dimen138
Package hyperref Info: Hyper figures OFF on input line 6430.
Package hyperref Info: Link nesting OFF on input line 6435.
Package hyperref Info: Hyper index ON on input line 6438.
Package hyperref Info: backreferencing OFF on input line 6445.
Package hyperref Info: Link coloring OFF on input line 6450.
Package hyperref Info: Link coloring with OCG OFF on input line 6455.
Package hyperref Info: PDF/A mode OFF on input line 6460.
LaTeX Info: Redefining \ref on input line 6500.
LaTeX Info: Redefining \pageref on input line 6504.
 (/usr/share/texlive/texmf-dist/tex/generic/atbegshi/atbegshi.sty
Package: atbegshi 2019/12/05 v1.19 At begin shipout hook (HO)
)
\Hy@abspage=\count182
\c@Item=\count183
\c@Hfootnote=\count184
)
Package hyperref Info: Driver (autodetected): hpdftex.
 (/usr/share/texlive/texmf-dist/tex/latex/hyperref/hpdftex.def
File: hpdftex.def 2020/01/14 v7.00d Hyperref driver for pdfTeX
 (/usr/share/texlive/texmf-dist/tex/latex/atveryend/atveryend.sty
Package: atveryend 2019-12-11 v1.11 Hooks at the very end of document (HO)
Package atveryend Info: \enddocument detected (standard20110627).
)
\Fld@listcount=\count185
\c@bookmark@seq@number=\count186
 (/usr/share/texlive/texmf-dist/tex/latex/rerunfilecheck/rerunfilecheck.sty
Package: rerunfilecheck 2019/12/05 v1.9 Rerun checks for auxiliary files (HO)
 (/usr/share/texlive/texmf-dist/tex/generic/uniquecounter/uniquecounter.sty
Package: uniquecounter 2019/12/15 v1.4 Provide unlimited unique counter (HO)
)
Package uniquecounter Info: New unique counter `rerunfilecheck' on input line 286.
)
\Hy@SectionHShift=\skip49
) (/usr/share/texlive/texmf-dist/tex/latex/pgf/utilities/pgffor.sty (/usr/share/texlive/texmf-dist/tex/latex/pgf/utilities/pgfrcs.sty (/usr/share/texlive/texmf-dist/tex/generic/pgf/utilities/pgfutil-common.tex
\pgfutil@everybye=\toks15
\pgfutil@tempdima=\dimen139
\pgfutil@tempdimb=\dimen140
 (/usr/share/texlive/texmf-dist/tex/generic/pgf/utilities/pgfutil-common-lists.tex)) (/usr/share/texlive/texmf-dist/tex/generic/pgf/utilities/pgfutil-latex.def
\pgfutil@abb=\box45
 (/usr/share/texlive/texmf-dist/tex/latex/ms/everyshi.sty
Package: everyshi 2001/05/15 v3.00 EveryShipout Package (MS)
)) (/usr/share/texlive/texmf-dist/tex/generic/pgf/utilities/pgfrcs.code.tex (/usr/share/texlive/texmf-dist/tex/generic/pgf/pgf.revision.tex)
Package: pgfrcs 2020/01/08 v3.1.5b (3.1.5b)
)) (/usr/share/texlive/texmf-dist/tex/latex/pgf/utilities/pgfkeys.sty (/usr/share/texlive/texmf-dist/tex/generic/pgf/utilities/pgfkeys.code.tex
\pgfkeys@pathtoks=\toks16
\pgfkeys@temptoks=\toks17
 (/usr/share/texlive/texmf-dist/tex/generic/pgf/utilities/pgfkeysfiltered.code.tex
\pgfkeys@tmptoks=\toks18
))) (/usr/share/texlive/texmf-dist/tex/latex/pgf/math/pgfmath.sty (/usr/share/texlive/texmf-dist/tex/generic/pgf/math/pgfmath.code.tex (/usr/share/texlive/texmf-dist/tex/generic/pgf/math/pgfmathcalc.code.tex (/usr/share/texlive/texmf-dist/tex/generic/pgf/math/pgfmathutil.code.tex
\pgf@x=\dimen141
\pgf@xa=\dimen142
\pgf@xb=\dimen143
\pgf@xc=\dimen144
\pgf@y=\dimen145
\pgf@ya=\dimen146
\pgf@yb=\dimen147
\pgf@yc=\dimen148
\c@pgf@counta=\count187
\c@pgf@countb=\count188
\c@pgf@countc=\count189
\c@pgf@countd=\count190
) (/usr/share/texlive/texmf-dist/tex/generic/pgf/math/pgfmathparser.code.tex
\pgfmath@dimen=\dimen149
\pgfmath@count=\count191
\pgfmath@box=\box46
\pgfmath@toks=\toks19
\pgfmath@stack@operand=\toks20
\pgfmath@stack@operation=\toks21
) (/usr/share/texlive/texmf-dist/tex/generic/pgf/math/pgfmathfunctions.code.tex (/usr/share/texlive/texmf-dist/tex/generic/pgf/math/pgfmathfunctions.basic.code.tex) (/usr/share/texlive/texmf-dist/tex/generic/pgf/math/pgfmathfunctions.trigonometric.code.tex) (/usr/share/texlive/texmf-dist/tex/generic/pgf/math/pgfmathfunctions.random.code.tex) (/usr/share/texlive/texmf-dist/tex/generic/pgf/math/pgfmathfunctions.comparison.code.tex) (/usr/share/texlive/texmf-dist/tex/generic/pgf/math/pgfmathfunctions.base.code.tex) (/usr/share/texlive/texmf-dist/tex/generic/pgf/math/pgfmathfunctions.round.code.tex) (/usr/share/texlive/texmf-dist/tex/generic/pgf/math/pgfmathfunctions.misc.code.tex) (/usr/share/texlive/texmf-dist/tex/generic/pgf/math/pgfmathfunctions.integerarithmetics.code.tex))) (/usr/share/texlive/texmf-dist/tex/generic/pgf/math/pgfmathfloat.code.tex
\c@pgfmathroundto@lastzeros=\count192
))) (/usr/share/texlive/texmf-dist/tex/generic/pgf/utilities/pgffor.code.tex
Package: pgffor 2020/01/08 v3.1.5b (3.1.5b)
 (/usr/share/texlive/texmf-dist/tex/generic/pgf/math/pgfmath.code.tex)
\pgffor@iter=\dimen150
\pgffor@skip=\dimen151
\pgffor@stack=\toks22
\pgffor@toks=\toks23
)) (/usr/share/texlive/texmf-dist/tex/latex/tools/array.sty
Package: array 2019/08/31 v2.4l Tabular extension package (FMi)
\col@sep=\dimen152
\ar@mcellbox=\box47
\extrarowheight=\dimen153
\NC@list=\toks24
\extratabsurround=\skip50
\backup@length=\skip51
\ar@cellbox=\box48
) (/usr/share/texlive/texmf-dist/tex/latex/caption/subcaption.sty
Package: subcaption 2020/01/22 v1.3d Sub-captions (AR)
 (/usr/share/texlive/texmf-dist/tex/latex/caption/caption.sty
Package: caption 2020/01/03 v3.4h Customizing captions (AR)
 (/usr/share/texlive/texmf-dist/tex/latex/caption/caption3.sty
Package: caption3 2020/01/03 v1.8h caption3 kernel (AR)
Package caption3 Info: TeX engine: e-TeX on input line 61.
\captionmargin=\dimen154
\captionmargin@=\dimen155
\captionwidth=\dimen156
\caption@tempdima=\dimen157
\caption@indent=\dimen158
\caption@parindent=\dimen159
\caption@hangindent=\dimen160
Package caption Info: Standard document class detected.
)
\c@caption@flags=\count193
\c@continuedfloat=\count194
Package caption Info: hyperref package is loaded.
)
\c@subfigure=\count195
\c@subtable=\count196
) (/usr/share/texlive/texmf-dist/tex/latex/graphics/graphicx.sty
Package: graphicx 2019/11/30 v1.2a Enhanced LaTeX Graphics (DPC,SPQR)
 (/usr/share/texlive/texmf-dist/tex/latex/graphics/graphics.sty
Package: graphics 2019/11/30 v1.4a Standard LaTeX Graphics (DPC,SPQR)
 (/usr/share/texlive/texmf-dist/tex/latex/graphics/trig.sty
Package: trig 2016/01/03 v1.10 sin cos tan (DPC)
) (/usr/share/texlive/texmf-dist/tex/latex/graphics-cfg/graphics.cfg
File: graphics.cfg 2016/06/04 v1.11 sample graphics configuration
)
Package graphics Info: Driver file: pdftex.def on input line 105.
 (/usr/share/texlive/texmf-dist/tex/latex/graphics-def/pdftex.def
File: pdftex.def 2018/01/08 v1.0l Graphics/color driver for pdftex
))
\Gin@req@height=\dimen161
\Gin@req@width=\dimen162
) (/usr/share/texlive/texmf-dist/tex/latex/amsmath/amsmath.sty
Package: amsmath 2020/01/20 v2.17e AMS math features
\@mathmargin=\skip52

For additional information on amsmath, use the `?' option.
(/usr/share/texlive/texmf-dist/tex/latex/amsmath/amstext.sty
Package: amstext 2000/06/29 v2.01 AMS text
 (/usr/share/texlive/texmf-dist/tex/latex/amsmath/amsgen.sty
File: amsgen.sty 1999/11/30 v2.0 generic functions
\@emptytoks=\toks25
\ex@=\dimen163
)) (/usr/share/texlive/texmf-dist/tex/latex/amsmath/amsbsy.sty
Package: amsbsy 1999/11/29 v1.2d Bold Symbols
\pmbraise@=\dimen164
) (/usr/share/texlive/texmf-dist/tex/latex/amsmath/amsopn.sty
Package: amsopn 2016/03/08 v2.02 operator names
)
\inf@bad=\count197
LaTeX Info: Redefining \frac on input line 227.
\uproot@=\count198
\leftroot@=\count199
LaTeX Info: Redefining \overline on input line 389.
\classnum@=\count266
\DOTSCASE@=\count267
LaTeX Info: Redefining \ldots on input line 486.
LaTeX Info: Redefining \dots on input line 489.
LaTeX Info: Redefining \cdots on input line 610.
\Mathstrutbox@=\box49
\strutbox@=\box50
\big@size=\dimen165
LaTeX Font Info:    Redeclaring font encoding OML on input line 733.
LaTeX Font Info:    Redeclaring font encoding OMS on input line 734.
\macc@depth=\count268
\c@MaxMatrixCols=\count269
\dotsspace@=\muskip17
\c@parentequation=\count270
\dspbrk@lvl=\count271
\tag@help=\toks26
\row@=\count272
\column@=\count273
\maxfields@=\count274
\andhelp@=\toks27
\eqnshift@=\dimen166
\alignsep@=\dimen167
\tagshift@=\dimen168
\tagwidth@=\dimen169
\totwidth@=\dimen170
\lineht@=\dimen171
\@envbody=\toks28
\multlinegap=\skip53
\multlinetaggap=\skip54
\mathdisplay@stack=\toks29
LaTeX Info: Redefining \[ on input line 2859.
LaTeX Info: Redefining \] on input line 2860.
) (/usr/share/texlive/texmf-dist/tex/latex/bookmark/bookmark.sty
Package: bookmark 2019/12/03 v1.28 PDF bookmarks (HO)
 (/usr/share/texlive/texmf-dist/tex/latex/bookmark/bkm-pdftex.def
File: bkm-pdftex.def 2019/12/03 v1.28 bookmark driver for pdfTeX (HO)
\BKM@id=\count275
)) (/usr/share/texlive/texmf-dist/tex/latex/tools/tabularx.sty
Package: tabularx 2020/01/15 v2.11c `tabularx' package (DPC)
\TX@col@width=\dimen172
\TX@old@table=\dimen173
\TX@old@col=\dimen174
\TX@target=\dimen175
\TX@delta=\dimen176
\TX@cols=\count276
\TX@ftn=\toks30
) (/usr/share/texlive/texmf-dist/tex/latex/tools/longtable.sty
Package: longtable 2020/01/07 v4.13 Multi-page Table package (DPC)
\LTleft=\skip55
\LTright=\skip56
\LTpre=\skip57
\LTpost=\skip58
\LTchunksize=\count277
\LTcapwidth=\dimen177
\LT@head=\box51
\LT@firsthead=\box52
\LT@foot=\box53
\LT@lastfoot=\box54
\LT@cols=\count278
\LT@rows=\count279
\c@LT@tables=\count280
\c@LT@chunks=\count281
\LT@p@ftn=\toks31
) (/usr/share/texlive/texmf-dist/tex/latex/float/float.sty
Package: float 2001/11/08 v1.3d Float enhancements (AL)
\c@float@type=\count282
\float@exts=\toks32
\float@box=\box55
\@float@everytoks=\toks33
\@floatcapt=\box56
) (/usr/share/texlive/texmf-dist/tex/generic/babel/babel.sty
Package: babel 2020/02/14 3.40 The Babel package
 (/usr/share/texlive/texmf-dist/tex/generic/babel/switch.def
File: switch.def 2020/02/14 3.40 Babel switching mechanism
) (/usr/share/texlive/texmf-dist/tex/generic/babel-italian/italian.ldf
Language: italian 2019/11/16 v.1.4.03 Italian support for the babel system
 (/usr/share/texlive/texmf-dist/tex/generic/babel/babel.def
File: babel.def 2020/02/14 3.40 Babel common definitions
\babel@savecnt=\count283
\U@D=\dimen178
 (/usr/share/texlive/texmf-dist/tex/generic/babel/txtbabel.def)
\bbl@readstream=\read2
\bbl@dirlevel=\count284
)
\it@lettering=\count285
\it@doublequoteactive=\count286
\it@ISOcompliance=\count287
)) (/usr/share/texlive/texmf-dist/tex/latex/etoolbox/etoolbox.sty
Package: etoolbox 2019/09/21 v2.5h e-TeX tools for LaTeX (JAW)
\etb@tempcnta=\count288
) (/usr/share/texlive/texmf-dist/tex/latex/base/fontenc.sty
Package: fontenc 2020/02/11 v2.0o Standard LaTeX package
) (/usr/share/texlive/texmf-dist/tex/latex/tools/bm.sty
Package: bm 2019/07/24 v1.2d Bold Symbol Support (DPC/FMi)
\symboldoperators=\mathgroup4
\symboldletters=\mathgroup5
\symboldsymbols=\mathgroup6
LaTeX Font Info:    Redeclaring math alphabet \mathbf on input line 141.
LaTeX Info: Redefining \bm on input line 209.
) (/usr/share/texlive/texmf-dist/tex/latex/newtx/newtxtext.sty
Package: newtxtext 2018/03/27 v1.531
 `newtxtext' v1.531, 2018/03/27 Text macros taking advantage of TeX-Gyre Termes fonts (msharpe) (/usr/share/texlive/texmf-dist/tex/latex/fontaxes/fontaxes.sty
Package: fontaxes 2014/03/23 v1.0d Font selection axes
LaTeX Info: Redefining \upshape on input line 29.
LaTeX Info: Redefining \itshape on input line 31.
LaTeX Info: Redefining \slshape on input line 33.
LaTeX Info: Redefining \swshape on input line 35.
LaTeX Info: Redefining \scshape on input line 37.
LaTeX Info: Redefining \sscshape on input line 39.
LaTeX Info: Redefining \ulcshape on input line 41.
LaTeX Info: Redefining \textsw on input line 47.
LaTeX Info: Redefining \textssc on input line 48.
LaTeX Info: Redefining \textulc on input line 49.
)
\ntx@fs=\dimen179
 (/usr/share/texlive/texmf-dist/tex/latex/xkeyval/xkeyval.sty
Package: xkeyval 2014/12/03 v2.7a package option processing (HA)
 (/usr/share/texlive/texmf-dist/tex/generic/xkeyval/xkeyval.tex (/usr/share/texlive/texmf-dist/tex/generic/xkeyval/xkvutils.tex
\XKV@toks=\toks34
\XKV@tempa@toks=\toks35
)
\XKV@depth=\count289
File: xkeyval.tex 2014/12/03 v2.7a key=value parser (HA)
)) (/usr/share/texlive/texmf-dist/tex/latex/base/fontenc.sty
Package: fontenc 2020/02/11 v2.0o Standard LaTeX package
LaTeX Font Info:    Trying to load font information for T1+ntxtlf on input line 112.
 (/usr/share/texlive/texmf-dist/tex/latex/newtx/t1ntxtlf.fd
File: t1ntxtlf.fd 2015/01/17 v1.0 font definition file for T1/ntx/tlf
)
LaTeX Font Info:    Font shape `T1/ntxtlf/m/n' will be
(Font)              scaled to size 12.0pt on input line 112.
) (/usr/share/texlive/texmf-dist/tex/latex/base/textcomp.sty
Package: textcomp 2020/02/02 v2.0n Standard LaTeX package
LaTeX Font Info:    Changing ? sub-encoding to TS1/0 on input line 75.
)
LaTeX Font Info:    Redeclaring math symbol \mathsterling on input line 234.
) (/usr/share/texlive/texmf-dist/tex/latex/newtx/newtxmath.sty
Package: newtxmath 2020/01/25 v1.624
 `newtxmath' v1.624, 2020/01/25 Math macros based originally on txfonts (msharpe) (/usr/share/texlive/texmf-dist/tex/generic/iftex/ifxetex.sty
Package: ifxetex 2019/10/25 v0.7 ifxetex legacy package. Use iftex instead.
) (/usr/share/texlive/texmf-dist/tex/generic/iftex/ifluatex.sty
Package: ifluatex 2019/10/25 v1.5 ifluatex legacy package. Use iftex instead.
) (/usr/share/texlive/texmf-dist/tex/latex/oberdiek/centernot.sty
Package: centernot 2016/05/16 v1.4 Centers the not symbol horizontally (HO)
)
\tx@cntz=\count290
 (/usr/share/texlive/texmf-dist/tex/generic/kastrup/binhex.tex)
\tx@Isdigit=\count291
\tx@IsAlNum=\count292
\tx@tA=\toks36
\tx@tB=\toks37
\tx@su=\read3
LaTeX Font Info:    Redeclaring symbol font `operators' on input line 317.
LaTeX Font Info:    Overwriting symbol font `operators' in version `normal'
(Font)                  OT1/cmr/m/n --> OT1/ntxtlf/m/n on input line 317.
LaTeX Font Info:    Overwriting symbol font `operators' in version `bold'
(Font)                  OT1/cmr/bx/n --> OT1/ntxtlf/m/n on input line 317.
LaTeX Font Info:    Overwriting symbol font `operators' in version `bold'
(Font)                  OT1/ntxtlf/m/n --> OT1/ntxtlf/b/n on input line 318.
LaTeX Font Info:    Redeclaring math alphabet \mathsf on input line 326.
LaTeX Font Info:    Overwriting math alphabet `\mathsf' in version `normal'
(Font)                  OT1/cmss/m/n --> T1/qhv/m/n on input line 326.
LaTeX Font Info:    Overwriting math alphabet `\mathsf' in version `bold'
(Font)                  OT1/cmss/bx/n --> T1/qhv/m/n on input line 326.
LaTeX Font Info:    Redeclaring math alphabet \mathit on input line 327.
LaTeX Font Info:    Overwriting math alphabet `\mathit' in version `normal'
(Font)                  OT1/cmr/m/it --> OT1/ntxtlf/m/it on input line 327.
LaTeX Font Info:    Overwriting math alphabet `\mathit' in version `bold'
(Font)                  OT1/cmr/bx/it --> OT1/ntxtlf/m/it on input line 327.
LaTeX Font Info:    Redeclaring math alphabet \mathtt on input line 328.
LaTeX Font Info:    Overwriting math alphabet `\mathtt' in version `normal'
(Font)                  OT1/cmtt/m/n --> T1/ntxtt/m/n on input line 328.
LaTeX Font Info:    Overwriting math alphabet `\mathtt' in version `bold'
(Font)                  OT1/cmtt/m/n --> T1/ntxtt/m/n on input line 328.
LaTeX Font Info:    Redeclaring math alphabet \mathbf on input line 330.
LaTeX Font Info:    Overwriting math alphabet `\mathit' in version `bold'
(Font)                  OT1/ntxtlf/m/it --> OT1/ntxtlf/b/it on input line 331.
LaTeX Font Info:    Overwriting math alphabet `\mathsf' in version `bold'
(Font)                  T1/qhv/m/n --> T1/qhv/b/n on input line 332.
LaTeX Font Info:    Overwriting math alphabet `\mathtt' in version `bold'
(Font)                  T1/ntxtt/m/n --> T1/ntxtt/b/n on input line 333.
LaTeX Font Info:    Redeclaring symbol font `letters' on input line 422.
LaTeX Font Info:    Overwriting symbol font `letters' in version `normal'
(Font)                  OML/cmm/m/it --> OML/ntxmi/m/it on input line 422.
LaTeX Font Info:    Overwriting symbol font `letters' in version `bold'
(Font)                  OML/cmm/b/it --> OML/ntxmi/m/it on input line 422.
LaTeX Font Info:    Overwriting symbol font `letters' in version `bold'
(Font)                  OML/ntxmi/m/it --> OML/ntxmi/b/it on input line 423.
\symlettersA=\mathgroup7
LaTeX Font Info:    Overwriting symbol font `lettersA' in version `bold'
(Font)                  U/ntxmia/m/it --> U/ntxmia/b/it on input line 476.
Now handling font encoding LMS ...
... no UTF-8 mapping file for font encoding LMS
LaTeX Font Info:    Redeclaring symbol font `symbols' on input line 497.
LaTeX Font Info:    Encoding `OMS' has changed to `LMS' for symbol font
(Font)              `symbols' in the math version `normal' on input line 497.
LaTeX Font Info:    Overwriting symbol font `symbols' in version `normal'
(Font)                  OMS/cmsy/m/n --> LMS/ntxsy/m/n on input line 497.
LaTeX Font Info:    Encoding `OMS' has changed to `LMS' for symbol font
(Font)              `symbols' in the math version `bold' on input line 497.
LaTeX Font Info:    Overwriting symbol font `symbols' in version `bold'
(Font)                  OMS/cmsy/b/n --> LMS/ntxsy/m/n on input line 497.
LaTeX Font Info:    Overwriting symbol font `symbols' in version `bold'
(Font)                  LMS/ntxsy/m/n --> LMS/ntxsy/b/n on input line 498.
\symAMSm=\mathgroup8
LaTeX Font Info:    Overwriting symbol font `AMSm' in version `bold'
(Font)                  U/ntxsym/m/n --> U/ntxsym/b/n on input line 521.
\symsymbolsC=\mathgroup9
LaTeX Font Info:    Overwriting symbol font `symbolsC' in version `bold'
(Font)                  U/ntxsyc/m/n --> U/ntxsyc/b/n on input line 542.
Now handling font encoding LMX ...
... no UTF-8 mapping file for font encoding LMX
LaTeX Font Info:    Redeclaring symbol font `largesymbols' on input line 555.
LaTeX Font Info:    Encoding `OMX' has changed to `LMX' for symbol font
(Font)              `largesymbols' in the math version `normal' on input line 555.
LaTeX Font Info:    Overwriting symbol font `largesymbols' in version `normal'
(Font)                  OMX/cmex/m/n --> LMX/ntxexx/m/n on input line 555.
LaTeX Font Info:    Encoding `OMX' has changed to `LMX' for symbol font
(Font)              `largesymbols' in the math version `bold' on input line 555.
LaTeX Font Info:    Overwriting symbol font `largesymbols' in version `bold'
(Font)                  OMX/cmex/m/n --> LMX/ntxexx/m/n on input line 555.
LaTeX Font Info:    Overwriting symbol font `largesymbols' in version `bold'
(Font)                  LMX/ntxexx/m/n --> LMX/ntxexx/b/n on input line 556.
\symlargesymbolsTXA=\mathgroup10
LaTeX Font Info:    Overwriting symbol font `largesymbolsTXA' in version `bold'
(Font)                  U/ntxexa/m/n --> U/ntxexa/b/n on input line 570.
\tx@sbptoks=\toks38
LaTeX Font Info:    Redeclaring math delimiter \lfloor on input line 792.
LaTeX Font Info:    Redeclaring math delimiter \rfloor on input line 793.
LaTeX Font Info:    Redeclaring math delimiter \lceil on input line 794.
LaTeX Font Info:    Redeclaring math delimiter \rceil on input line 795.
LaTeX Font Info:    Redeclaring math delimiter \lbrace on input line 796.
LaTeX Font Info:    Redeclaring math delimiter \rbrace on input line 797.
LaTeX Font Info:    Redeclaring math delimiter \langle on input line 798.
LaTeX Font Info:    Redeclaring math delimiter \rangle on input line 800.
LaTeX Font Info:    Redeclaring math delimiter \arrowvert on input line 804.
LaTeX Font Info:    Redeclaring math delimiter \vert on input line 805.
LaTeX Font Info:    Redeclaring math symbol \hbar on input line 851.
LaTeX Font Info:    Redeclaring math accent \dot on input line 876.
LaTeX Font Info:    Redeclaring math accent \ddot on input line 877.
LaTeX Font Info:    Redeclaring math accent \vec on input line 1940.
\ntx@numstart=\count293
\ntx@UCstart=\count294
\ntx@lcstart=\count295
\ntx@tmpc=\count296
\ntx@imath=\count297
\ntx@jmath=\count298
LaTeX Info: Redefining \Bbbk on input line 2449.
LaTeX Info: Redefining \not on input line 2598.
) (/usr/share/texlive/texmf-dist/tex/latex/base/fontenc.sty
Package: fontenc 2020/02/11 v2.0o Standard LaTeX package
) (/usr/share/texlive/texmf-dist/tex/latex/base/inputenc.sty
Package: inputenc 2018/08/11 v1.3c Input encoding file
\inpenc@prehook=\toks39
\inpenc@posthook=\toks40
) (/usr/share/texlive/texmf-dist/tex/latex/setspace/setspace.sty
Package: setspace 2011/12/19 v6.7a set line spacing
) (/usr/share/texlive/texmf-dist/tex/latex/geometry/geometry.sty
Package: geometry 2020/01/02 v5.9 Page Geometry
 (/usr/share/texlive/texmf-dist/tex/generic/iftex/ifvtex.sty
Package: ifvtex 2019/10/25 v1.7 ifvtex legacy package. Use iftex instead.
)
\Gm@cnth=\count299
\Gm@cntv=\count300
\c@Gm@tempcnt=\count301
\Gm@bindingoffset=\dimen180
\Gm@wd@mp=\dimen181
\Gm@odd@mp=\dimen182
\Gm@even@mp=\dimen183
\Gm@layoutwidth=\dimen184
\Gm@layoutheight=\dimen185
\Gm@layouthoffset=\dimen186
\Gm@layoutvoffset=\dimen187
\Gm@dimlist=\toks41
) (/usr/share/texlive/texmf-dist/tex/latex/tools/afterpage.sty
Package: afterpage 2014/10/28 v1.08 After-Page Package (DPC)
\AP@output=\toks42
\AP@partial=\box57
\AP@footins=\box58
) (/usr/share/texlive/texmf-dist/tex/latex/dirtytalk/dirtytalk.sty
Package: dirtytalk 2010/11/21 A package making "quoting" easier
 (/usr/share/texlive/texmf-dist/tex/latex/base/ifthen.sty
Package: ifthen 2014/09/29 v1.1c Standard LaTeX ifthen package (DPC)
)
\c@dirtytalk@qdepth=\count302
)
   defining Unicode char U+2212 (decimal 8722)
 (/usr/share/texlive/texmf-dist/tex/latex/l3backend/l3backend-pdfmode.def
File: l3backend-pdfmode.def 2020-02-03 L3 backend support: PDF mode
\l__kernel_color_stack_int=\count303
\l__pdf_internal_box=\box59
) (/home/irisdaniaj/Workspace/tesi/tesi2.aux

LaTeX Warning: Label `table:1' multiply defined.


LaTeX Warning: Label `table:1' multiply defined.


LaTeX Warning: Label `table:1' multiply defined.


LaTeX Warning: Label `table:1' multiply defined.


LaTeX Warning: Label `table:1' multiply defined.


LaTeX Warning: Label `table:1' multiply defined.


LaTeX Warning: Label `table:1' multiply defined.


LaTeX Warning: Label `table:1' multiply defined.


LaTeX Warning: Label `table:1' multiply defined.


LaTeX Warning: Label `lamport94' multiply defined.


LaTeX Warning: Label `lamport94' multiply defined.


LaTeX Warning: Label `lamport94' multiply defined.


LaTeX Warning: Label `lamport94' multiply defined.


LaTeX Warning: Label `lamport94' multiply defined.


LaTeX Warning: Label `lamport94' multiply defined.


LaTeX Warning: Label `lamport94' multiply defined.


LaTeX Warning: Label `lamport94' multiply defined.


LaTeX Warning: Label `lamport94' multiply defined.


LaTeX Warning: Label `lamport94' multiply defined.


LaTeX Warning: Label `lamport94' multiply defined.


LaTeX Warning: Label `lamport94' multiply defined.


LaTeX Warning: Label `lamport94' multiply defined.


LaTeX Warning: Label `lamport94' multiply defined.


LaTeX Warning: Label `lamport94' multiply defined.

)
\openout1 = `tesi2.aux'.

LaTeX Font Info:    Checking defaults for OML/ntxmi/m/it on input line 48.
LaTeX Font Info:    Trying to load font information for OML+ntxmi on input line 48.
 (/usr/share/texlive/texmf-dist/tex/latex/newtx/omlntxmi.fd
File: omlntxmi.fd 2015/08/25 Fontinst v1.933 font definitions for OML/ntxmi.
)
LaTeX Font Info:    ... okay on input line 48.
LaTeX Font Info:    Checking defaults for OMS/cmsy/m/n on input line 48.
LaTeX Font Info:    ... okay on input line 48.
LaTeX Font Info:    Checking defaults for OT1/cmr/m/n on input line 48.
LaTeX Font Info:    ... okay on input line 48.
LaTeX Font Info:    Checking defaults for T1/cmr/m/n on input line 48.
LaTeX Font Info:    ... okay on input line 48.
LaTeX Font Info:    Checking defaults for TS1/cmr/m/n on input line 48.
LaTeX Font Info:    ... okay on input line 48.
LaTeX Font Info:    Checking defaults for OMX/cmex/m/n on input line 48.
LaTeX Font Info:    ... okay on input line 48.
LaTeX Font Info:    Checking defaults for U/ntxexa/m/n on input line 48.
LaTeX Font Info:    Trying to load font information for U+ntxexa on input line 48.
 (/usr/share/texlive/texmf-dist/tex/latex/newtx/untxexa.fd
File: untxexa.fd 2012/04/16 Fontinst v1.933 font definitions for U/ntxexa.
)
LaTeX Font Info:    ... okay on input line 48.
LaTeX Font Info:    Checking defaults for PD1/pdf/m/n on input line 48.
LaTeX Font Info:    ... okay on input line 48.
LaTeX Font Info:    Checking defaults for LMS/ntxsy/m/n on input line 48.
LaTeX Font Info:    Trying to load font information for LMS+ntxsy on input line 48.
 (/usr/share/texlive/texmf-dist/tex/latex/newtx/lmsntxsy.fd
File: lmsntxsy.fd 2016/07/02 Fontinst v1.933 font definitions for LMS/ntxsy.
)
LaTeX Font Info:    ... okay on input line 48.
LaTeX Font Info:    Checking defaults for LMX/ntxexx/m/n on input line 48.
LaTeX Font Info:    Trying to load font information for LMX+ntxexx on input line 48.
 (/usr/share/texlive/texmf-dist/tex/latex/newtx/lmxntxexx.fd
File: lmxntxexx.fd 2016/07/03 Fontinst v1.933 font definitions for LMX/ntxexx.
)
LaTeX Font Info:    ... okay on input line 48.
\AtBeginShipoutBox=\box60
Package hyperref Info: Link coloring OFF on input line 48.
 (/usr/share/texlive/texmf-dist/tex/latex/hyperref/nameref.sty
Package: nameref 2019/09/16 v2.46 Cross-referencing by name of section
 (/usr/share/texlive/texmf-dist/tex/latex/refcount/refcount.sty
Package: refcount 2019/12/15 v3.6 Data extraction from label references (HO)
) (/usr/share/texlive/texmf-dist/tex/generic/gettitlestring/gettitlestring.sty
Package: gettitlestring 2019/12/15 v1.6 Cleanup title references (HO)
)
\c@section@level=\count304
)
LaTeX Info: Redefining \ref on input line 48.
LaTeX Info: Redefining \pageref on input line 48.
LaTeX Info: Redefining \nameref on input line 48.
 ABD: EveryShipout initializing macros
Package caption Info: Begin \AtBeginDocument code.
Package caption Info: float package is loaded.
Package caption Info: longtable package is loaded.
 (/usr/share/texlive/texmf-dist/tex/latex/caption/ltcaption.sty
Package: ltcaption 2018/08/26 v1.4a longtable captions (AR)
)
Package caption Info: End \AtBeginDocument code.
 (/usr/share/texlive/texmf-dist/tex/context/base/mkii/supp-pdf.mkii
[Loading MPS to PDF converter (version 2006.09.02).]
\scratchcounter=\count305
\scratchdimen=\dimen188
\scratchbox=\box61
\nofMPsegments=\count306
\nofMParguments=\count307
\everyMPshowfont=\toks43
\MPscratchCnt=\count308
\MPscratchDim=\dimen189
\MPnumerator=\count309
\makeMPintoPDFobject=\count310
\everyMPtoPDFconversion=\toks44
) (/usr/share/texlive/texmf-dist/tex/latex/epstopdf-pkg/epstopdf-base.sty
Package: epstopdf-base 2020-01-24 v2.11 Base part for package epstopdf
Package epstopdf-base Info: Redefining graphics rule for `.eps' on input line 485.
 (/usr/share/texlive/texmf-dist/tex/latex/latexconfig/epstopdf-sys.cfg
File: epstopdf-sys.cfg 2010/07/13 v1.3 Configuration of (r)epstopdf for TeX Live
))
LaTeX Info: Redefining \it@ocap on input line 48.
LaTeX Info: Redefining \it@ccap on input line 48.
\c@mv@tabular=\count311
\c@mv@boldtabular=\count312

*geometry* driver: auto-detecting
*geometry* detected driver: pdftex
*geometry* verbose mode - [ preamble ] result:
* driver: pdftex
* paper: a4paper
* layout: <same size as paper>
* layoutoffset:(h,v)=(0.0pt,0.0pt)
* modes: 
* h-part:(L,W,R)=(72.26999pt, 452.9679pt, 72.26999pt)
* v-part:(T,H,B)=(72.26999pt, 700.50687pt, 72.26999pt)
* \paperwidth=597.50787pt
* \paperheight=845.04684pt
* \textwidth=452.9679pt
* \textheight=700.50687pt
* \oddsidemargin=0.0pt
* \evensidemargin=0.0pt
* \topmargin=-37.0pt
* \headheight=12.0pt
* \headsep=25.0pt
* \topskip=12.0pt
* \footskip=30.0pt
* \marginparwidth=35.0pt
* \marginparsep=10.0pt
* \columnsep=10.0pt
* \skip\footins=10.8pt plus 4.0pt minus 2.0pt
* \hoffset=0.0pt
* \voffset=0.0pt
* \mag=1000
* \@twocolumnfalse
* \@twosidefalse
* \@mparswitchfalse
* \@reversemarginfalse
* (1in=72.27pt=25.4mm, 1cm=28.453pt)

<logo_unimib.pdf, id=4, 67.8029pt x 66.29492pt>
File: logo_unimib.pdf Graphic file (type pdf)
<use logo_unimib.pdf>
Package pdftex.def Info: logo_unimib.pdf  used on input line 53.
(pdftex.def)             Requested size: 77.9727pt x 76.23854pt.
LaTeX Font Info:    Font shape `T1/ntxtlf/m/sc' will be
(Font)              scaled to size 12.0pt on input line 57.
LaTeX Font Info:    Font shape `T1/ntxtlf/b/n' will be
(Font)              scaled to size 12.0pt on input line 58.

Underfull \hbox (badness 10000) in paragraph at lines 57--61

 []


Overfull \hbox (1.79991pt too wide) in paragraph at lines 51--64
[] []
 []

LaTeX Font Info:    Font shape `T1/ntxtlf/m/n' will be
(Font)              scaled to size 14.4pt on input line 65.
LaTeX Font Info:    Font shape `T1/ntxtlf/b/n' will be
(Font)              scaled to size 14.4pt on input line 66.
[1

{/var/lib/texmf/fonts/map/pdftex/updmap/pdftex.map} </home/irisdaniaj/Workspace/tesi/logo_unimib.pdf>]pdfTeX warning (ext4): destination with the same identifier (name{page.1}) has been already used, duplicate ignored
<to be read again> 
                   \relax 
l.90     \chapter
                 *{\centering Prefazione} [1

]
LaTeX Font Info:    Font shape `T1/ntxtlf/m/n' will be
(Font)              scaled to size 24.88pt on input line 90.
LaTeX Font Info:    Font shape `T1/ntxtlf/b/n' will be
(Font)              scaled to size 24.88pt on input line 90.
LaTeX Font Info:    Font shape `T1/ntxtlf/m/it' will be
(Font)              scaled to size 12.0pt on input line 91.
 [2

]pdfTeX warning (ext4): destination with the same identifier (name{page.2}) has been already used, duplicate ignored
<to be read again> 
                   \relax 
l.99 \newpage
              [2] [3] [4] [5

]pdfTeX warning (ext4): destination with the same identifier (name{page.5}) has been already used, duplicate ignored
<to be read again> 
                   \relax 
l.143 \tableofcontents
                       [5

] (/home/irisdaniaj/Workspace/tesi/tesi2.toc
LaTeX Font Info:    Trying to load font information for OT1+ntxtlf on input line 5.
 (/usr/share/texlive/texmf-dist/tex/latex/newtx/ot1ntxtlf.fd
File: ot1ntxtlf.fd 2015/01/17 v1.0 font definition file for OT1/ntx/tlf
)
LaTeX Font Info:    Font shape `OT1/ntxtlf/m/n' will be
(Font)              scaled to size 12.0pt on input line 5.
LaTeX Font Info:    Font shape `OT1/ntxtlf/m/n' will be
(Font)              scaled to size 8.8pt on input line 5.
LaTeX Font Info:    Font shape `OT1/ntxtlf/m/n' will be
(Font)              scaled to size 6.6pt on input line 5.
LaTeX Font Info:    Trying to load font information for U+ntxmia on input line 5.
 (/usr/share/texlive/texmf-dist/tex/latex/newtx/untxmia.fd
File: untxmia.fd 2018/04/14 Fontinst v1.933 font definitions for U/ntxmia.
)
LaTeX Font Info:    Trying to load font information for U+ntxsym on input line 5.
 (/usr/share/texlive/texmf-dist/tex/latex/newtx/untxsym.fd
File: untxsym.fd 2015/03/20 Fontinst v1.933 font definitions for U/ntxsym.
)
LaTeX Font Info:    Trying to load font information for U+ntxsyc on input line 5.
 (/usr/share/texlive/texmf-dist/tex/latex/newtx/untxsyc.fd
File: untxsyc.fd 2012/04/12 Fontinst v1.933 font definitions for U/ntxsyc.
))
\tf@toc=\write3
\openout3 = `tesi2.toc'.

 [6]pdfTeX warning (ext4): destination with the same identifier (name{page.6}) has been already used, duplicate ignored
<to be read again> 
                   \relax 
l.155 \chapter
              {Introduzione} [6

]
Capitolo 1.
LaTeX Font Info:    Font shape `T1/ntxtlf/m/n' will be
(Font)              scaled to size 8.8pt on input line 169.
LaTeX Font Info:    Font shape `T1/ntxtlf/m/n' will be
(Font)              scaled to size 6.6pt on input line 169.

Underfull \hbox (badness 10000) in paragraph at lines 157--201

 []


Underfull \hbox (badness 10000) in paragraph at lines 157--201
\T1/ntxtlf/m/n/12 Il World Eco-no-mic Fo-rum de-fi-ni-sce la com-pe-ti-ti-vi-tà tra pae-si co-me
 []


Underfull \hbox (badness 10000) in paragraph at lines 157--201
\T1/ntxtlf/m/n/12 mentre The Ox-ford Dic-tio-na-ry la de-fi-ni-sce co-me
 []


Underfull \hbox (badness 10000) in paragraph at lines 157--201

 []

[7] [8]
Capitolo 2.
LaTeX Font Info:    Font shape `T1/ntxtlf/m/n' will be
(Font)              scaled to size 17.28pt on input line 239.
LaTeX Font Info:    Font shape `T1/ntxtlf/b/n' will be
(Font)              scaled to size 17.28pt on input line 239.

Underfull \hbox (badness 10000) in paragraph at lines 241--260

 []


Underfull \hbox (badness 10000) in paragraph at lines 241--260

 []


Underfull \hbox (badness 10000) in paragraph at lines 241--260

 []


Underfull \hbox (badness 10000) in paragraph at lines 241--260

 []


Underfull \hbox (badness 10000) in paragraph at lines 241--260

 []

[9

]
LaTeX Font Info:    Trying to load font information for T1+ntxsups on input line 266.
 (/usr/share/texlive/texmf-dist/tex/latex/newtx/t1ntxsups.fd
File: t1ntxsups.fd 2015/01/17 v1.0
)
LaTeX Font Info:    Font shape `T1/ntxsups/m/n' will be
(Font)              scaled to size 12.0pt on input line 266.
LaTeX Font Info:    Font shape `T1/ntxtlf/m/n' will be
(Font)              scaled to size 10.0pt on input line 267.
LaTeX Font Info:    Font shape `T1/ntxsups/m/n' will be
(Font)              scaled to size 10.0pt on input line 267.
<diagramma_hasse.png, id=110, 325.215pt x 442.65375pt>
File: diagramma_hasse.png Graphic file (type png)
<use diagramma_hasse.png>
Package pdftex.def Info: diagramma_hasse.png  used on input line 273.
(pdftex.def)             Requested size: 162.6071pt x 221.32632pt.

Underfull \hbox (badness 10000) in paragraph at lines 265--275

 []

[10]
<hasse2.png, id=119, 322.20375pt x 522.95375pt>
File: hasse2.png Graphic file (type png)
<use hasse2.png>
Package pdftex.def Info: hasse2.png  used on input line 299.
(pdftex.def)             Requested size: 161.10147pt x 261.47623pt.

Underfull \hbox (badness 10000) in paragraph at lines 277--301

 []


Underfull \hbox (badness 10000) in paragraph at lines 277--301

 []

[11 </home/irisdaniaj/Workspace/tesi/diagramma_hasse.png>]
<hasse_catena.png, id=126, 322.20375pt x 442.65375pt>
File: hasse_catena.png Graphic file (type png)
<use hasse_catena.png>
Package pdftex.def Info: hasse_catena.png  used on input line 311.
(pdftex.def)             Requested size: 161.10147pt x 221.32632pt.

Underfull \hbox (badness 10000) in paragraph at lines 303--313

 []


Underfull \hbox (badness 10000) in paragraph at lines 303--313

 []

<ant_catena.png, id=127, 322.20375pt x 442.65375pt>
File: ant_catena.png Graphic file (type png)
<use ant_catena.png>
Package pdftex.def Info: ant_catena.png  used on input line 318.
(pdftex.def)             Requested size: 161.10147pt x 221.32632pt.

Underfull \hbox (badness 10000) in paragraph at lines 315--320

 []

[12 </home/irisdaniaj/Workspace/tesi/hasse2.png> </home/irisdaniaj/Workspace/tesi/hasse_catena.png>]
Underfull \hbox (badness 10000) in paragraph at lines 322--328

 []

<estensione_lin.png, id=136, 704.6325pt x 362.35374pt>
File: estensione_lin.png Graphic file (type png)
<use estensione_lin.png>
Package pdftex.def Info: estensione_lin.png  used on input line 342.
(pdftex.def)             Requested size: 352.3154pt x 181.17642pt.
[13 </home/irisdaniaj/Workspace/tesi/ant_catena.png>]
Underfull \hbox (badness 10000) in paragraph at lines 346--373

 []


Underfull \hbox (badness 10000) in paragraph at lines 346--373

 []


Underfull \hbox (badness 10000) in paragraph at lines 346--373

 []

[14 </home/irisdaniaj/Workspace/tesi/estensione_lin.png>]
Underfull \hbox (badness 10000) in paragraph at lines 392--413

 []


Underfull \hbox (badness 4779) in paragraph at lines 392--413
\T1/ntxtlf/m/n/12 Un'ulteriore rap-pre-sen-ta-zio-ne ma-tri-cia-le dei po-set si ha tra-mi-te la ma-tri-ce di
 []

[15]
Underfull \hbox (badness 10000) in paragraph at lines 448--461

 []


Underfull \hbox (badness 10000) in paragraph at lines 448--461

 []


Underfull \hbox (badness 10000) in paragraph at lines 448--461

 []


Underfull \hbox (badness 10000) in paragraph at lines 448--461

 []


Underfull \hbox (badness 10000) in paragraph at lines 448--461

 []


Underfull \hbox (badness 10000) in paragraph at lines 473--480

 []

[16]
LaTeX Font Info:    Font shape `OT1/ntxtlf/m/n' will be
(Font)              scaled to size 10.0pt on input line 490.
LaTeX Font Info:    Font shape `OT1/ntxtlf/m/n' will be
(Font)              scaled to size 7.3pt on input line 490.
LaTeX Font Info:    Font shape `OT1/ntxtlf/m/n' will be
(Font)              scaled to size 5.5pt on input line 490.


LaTeX Font Warning: Font shape `OT1/cmr/bx/n' in size <5.5> not available
(Font)              size <5> substituted on input line 490.


LaTeX Font Warning: Font shape `OML/cmm/b/it' in size <5.5> not available
(Font)              size <5> substituted on input line 490.


LaTeX Font Warning: Font shape `OMS/cmsy/b/n' in size <5.5> not available
(Font)              size <5> substituted on input line 490.


Underfull \hbox (badness 10000) in paragraph at lines 481--496

 []


Underfull \hbox (badness 10000) in paragraph at lines 481--496

 []


Underfull \hbox (badness 10000) in paragraph at lines 498--512

 []


Underfull \hbox (badness 10000) in paragraph at lines 498--512

 []


Underfull \hbox (badness 10000) in paragraph at lines 515--548

 []

[17]
LaTeX Font Info:    Font shape `OT1/ntxtlf/b/n' will be
(Font)              scaled to size 12.0pt on input line 582.
LaTeX Font Info:    Font shape `OT1/ntxtlf/b/n' will be
(Font)              scaled to size 8.8pt on input line 582.
LaTeX Font Info:    Font shape `OT1/ntxtlf/b/n' will be
(Font)              scaled to size 6.6pt on input line 582.

Underfull \hbox (badness 10000) in paragraph at lines 549--588

 []


Underfull \hbox (badness 10000) in paragraph at lines 549--588

 []


Underfull \hbox (badness 10000) in paragraph at lines 549--588

 []


Underfull \hbox (badness 10000) in paragraph at lines 549--588

 []


Underfull \hbox (badness 10000) in paragraph at lines 549--588

 []


Underfull \hbox (badness 10000) in paragraph at lines 549--588

 []

[18] [19]
Underfull \hbox (badness 10000) in paragraph at lines 593--615

 []


Underfull \hbox (badness 10000) in paragraph at lines 593--615

 []


Underfull \hbox (badness 10000) in paragraph at lines 626--634

 []

[20]
Capitolo 3.
LaTeX Font Info:    Trying to load font information for T1+ntxtt on input line 645.
(/usr/share/texlive/texmf-dist/tex/latex/newtx/t1ntxtt.fd
File: t1ntxtt.fd 2012/04/20 v3.1
)
LaTeX Font Info:    Font shape `T1/ntxtt/m/n' will be
(Font)              scaled to size 12.0pt on input line 645.

Underfull \hbox (badness 10000) in paragraph at lines 638--656

 []


Underfull \hbox (badness 10000) in paragraph at lines 638--656

 []

[21

]
LaTeX Font Info:    Font shape `T1/ntxtt/m/n' will be
(Font)              scaled to size 10.0pt on input line 661.
LaTeX Font Info:    Font shape `OT1/ntxtlf/b/n' will be
(Font)              scaled to size 10.0pt on input line 661.
LaTeX Font Info:    Font shape `OT1/ntxtlf/b/n' will be
(Font)              scaled to size 7.3pt on input line 661.
LaTeX Font Info:    Font shape `OT1/ntxtlf/b/n' will be
(Font)              scaled to size 5.5pt on input line 661.

Underfull \hbox (badness 10000) in paragraph at lines 661--661
[][][]$\T1/ntxtt/m/n/10 https : / / ec . europa . eu / research-[]and-[]innovation / en / statistics / performance-[]indicators /
 []


Overfull \hbox (29.53079pt too wide) in paragraph at lines 671--671
[][][]$\T1/ntxtt/m/n/10 https : / / www . eustat . eus / elementos / European-[]Innovation-[]Scoreboard-[]2021-[]Methodology-[]Report /
 []


Underfull \hbox (badness 10000) in paragraph at lines 661--693

 []


Underfull \hbox (badness 10000) in paragraph at lines 661--693

 []


Underfull \hbox (badness 10000) in paragraph at lines 661--693

 []


Underfull \hbox (badness 10000) in paragraph at lines 661--693

 []


Underfull \hbox (badness 10000) in paragraph at lines 661--693

 []

[22]
LaTeX Font Info:    Font shape `T1/ntxsups/m/it' will be
(Font)              scaled to size 12.0pt on input line 738.

Underfull \hbox (badness 10000) in paragraph at lines 724--812

 []


Underfull \hbox (badness 10000) in paragraph at lines 724--812

 []


Underfull \hbox (badness 10000) in paragraph at lines 724--812

 []


Underfull \hbox (badness 10000) in paragraph at lines 724--812

 []

[23]
Overfull \hbox (29.53079pt too wide) in paragraph at lines 817--817
[][][]$\T1/ntxtt/m/n/10 https : / / www . eustat . eus / elementos / European-[]Innovation-[]Scoreboard-[]2021-[]Methodology-[]Report /
 []


Overfull \hbox (29.53079pt too wide) in paragraph at lines 818--818
[][][]$\T1/ntxtt/m/n/10 https : / / www . eustat . eus / elementos / European-[]Innovation-[]Scoreboard-[]2021-[]Methodology-[]Report /
 []


Underfull \hbox (badness 10000) in paragraph at lines 813--826

 []


Underfull \hbox (badness 10000) in paragraph at lines 813--826

 []

[24]
Underfull \hbox (badness 10000) in paragraph at lines 846--854

 []

[25]
Underfull \hbox (badness 10000) in paragraph at lines 857--858

 []


Underfull \hbox (badness 10000) in paragraph at lines 888--895

 []

[26]
Underfull \hbox (badness 10000) in paragraph at lines 898--899

 []


Underfull \hbox (badness 10000) in paragraph at lines 985--995

 []


Underfull \hbox (badness 10000) in paragraph at lines 985--995

 []

[27] [28]
Underfull \hbox (badness 10000) in paragraph at lines 999--1016

 []


Underfull \hbox (badness 10000) in paragraph at lines 999--1016

 []


Underfull \hbox (badness 10000) in paragraph at lines 999--1016

 []


Underfull \hbox (badness 10000) in paragraph at lines 999--1016

 []

[29]
Capitolo 4.

Underfull \hbox (badness 10000) in paragraph at lines 1038--1045

 []

[30

]
<ranking_eco_norm.pdf, id=278, 498.86375pt x 498.86375pt>
File: ranking_eco_norm.pdf Graphic file (type pdf)
<use ranking_eco_norm.pdf>
Package pdftex.def Info: ranking_eco_norm.pdf  used on input line 1054.
(pdftex.def)             Requested size: 249.43126pt x 249.43126pt.

Underfull \hbox (badness 10000) in paragraph at lines 1058--1072

 []

[31 </home/irisdaniaj/Workspace/tesi/ranking_eco_norm.pdf>]
LaTeX Font Info:    Trying to load font information for TS1+ntxtlf on input line 1079.
 (/usr/share/texlive/texmf-dist/tex/latex/newtx/ts1ntxtlf.fd
File: ts1ntxtlf.fd 2015/01/18 v1.0 fd file for TS1/ntxtlf
)
LaTeX Font Info:    Font shape `TS1/ntxtlf/m/n' will be
(Font)              scaled to size 12.0pt on input line 1079.

Overfull \hbox (34.77618pt too wide) in alignment at lines 1075--1116
 [] [] [] [] [] [] 
 []


Underfull \vbox (badness 10000) detected at line 1116
 []


Overfull \hbox (34.77618pt too wide) in alignment at lines 1116--1156
 [] [] [] [] [] [] 
 []


Overfull \hbox (34.77618pt too wide) in alignment at lines 1156--1196
 [] [] [] [] [] [] 
 []


Overfull \hbox (34.77618pt too wide) in alignment at lines 1196--1236
 [] [] [] [] [] [] 
 []

[32]
Overfull \hbox (34.77618pt too wide) in alignment at lines 1236--1276
 [] [] [] [] [] [] 
 []


Overfull \hbox (34.77618pt too wide) in alignment at lines 1276--1316
 [] [] [] [] [] [] 
 []

[33]
Overfull \hbox (34.77618pt too wide) in alignment at lines 1316--1352
 [] [] [] [] [] [] 
 []

[34]
Underfull \hbox (badness 10000) in paragraph at lines 1442--1468

 []

[35]
<plot_incom_eco.pdf, id=309, 498.86375pt x 498.86375pt>
File: plot_incom_eco.pdf Graphic file (type pdf)
<use plot_incom_eco.pdf>
Package pdftex.def Info: plot_incom_eco.pdf  used on input line 1471.
(pdftex.def)             Requested size: 249.43126pt x 249.43126pt.
 [36] [37 </home/irisdaniaj/Workspace/tesi/plot_incom_eco.pdf>]
Underfull \hbox (badness 10000) in paragraph at lines 1492--1495

 []

<ranking_dem_norm.pdf, id=325, 498.86375pt x 498.86375pt>
File: ranking_dem_norm.pdf Graphic file (type pdf)
<use ranking_dem_norm.pdf>
Package pdftex.def Info: ranking_dem_norm.pdf  used on input line 1498.
(pdftex.def)             Requested size: 249.43126pt x 249.43126pt.

Underfull \hbox (badness 10000) in paragraph at lines 1503--1507

 []


LaTeX Warning: `!h' float specifier changed to `!ht'.

[38 </home/irisdaniaj/Workspace/tesi/ranking_dem_norm.pdf>]
Underfull \hbox (badness 10000) in paragraph at lines 1596--1604

 []

[39]
<plot_incom_dem.pdf, id=341, 498.86375pt x 498.86375pt>
File: plot_incom_dem.pdf Graphic file (type pdf)
<use plot_incom_dem.pdf>
Package pdftex.def Info: plot_incom_dem.pdf  used on input line 1607.
(pdftex.def)             Requested size: 249.43126pt x 249.43126pt.
 [40 </home/irisdaniaj/Workspace/tesi/plot_incom_dem.pdf>]
<ranking_ist_norm.pdf, id=351, 498.86375pt x 498.86375pt>
File: ranking_ist_norm.pdf Graphic file (type pdf)
<use ranking_ist_norm.pdf>
Package pdftex.def Info: ranking_ist_norm.pdf  used on input line 1628.
(pdftex.def)             Requested size: 249.43126pt x 249.43126pt.

Underfull \hbox (badness 10000) in paragraph at lines 1632--1637

 []


Underfull \hbox (badness 10000) in paragraph at lines 1632--1637

 []


Overfull \hbox (34.77618pt too wide) in alignment at lines 1639--1680
 [] [] [] [] [] [] 
 []


Underfull \vbox (badness 10000) detected at line 1680
 []


Overfull \hbox (34.77618pt too wide) in alignment at lines 1680--1720
 [] [] [] [] [] [] 
 []

[41 </home/irisdaniaj/Workspace/tesi/ranking_ist_norm.pdf>]
Overfull \hbox (34.77618pt too wide) in alignment at lines 1720--1760
 [] [] [] [] [] [] 
 []


Overfull \hbox (34.77618pt too wide) in alignment at lines 1760--1800
 [] [] [] [] [] [] 
 []


Overfull \hbox (34.77618pt too wide) in alignment at lines 1800--1840
 [] [] [] [] [] [] 
 []

[42]
Overfull \hbox (34.77618pt too wide) in alignment at lines 1840--1880
 [] [] [] [] [] [] 
 []


Overfull \hbox (34.77618pt too wide) in alignment at lines 1880--1920
 [] [] [] [] [] [] 
 []

[43]
Overfull \hbox (34.77618pt too wide) in alignment at lines 1920--1943
 [] [] [] [] [] [] 
 []

[44]
Underfull \hbox (badness 10000) in paragraph at lines 1980--1996

 []

<plot_incom_ist.pdf, id=374, 498.86375pt x 498.86375pt>
File: plot_incom_ist.pdf Graphic file (type pdf)
<use plot_incom_ist.pdf>
Package pdftex.def Info: plot_incom_ist.pdf  used on input line 1999.
(pdftex.def)             Requested size: 249.43126pt x 249.43126pt.
[45] [46 </home/irisdaniaj/Workspace/tesi/plot_incom_ist.pdf>]
<ranking_inn_dorm.pdf, id=390, 498.86375pt x 498.86375pt>
File: ranking_inn_dorm.pdf Graphic file (type pdf)
<use ranking_inn_dorm.pdf>
Package pdftex.def Info: ranking_inn_dorm.pdf  used on input line 2020.
(pdftex.def)             Requested size: 249.43126pt x 249.43126pt.

Underfull \hbox (badness 10000) in paragraph at lines 2025--2033

 []


Overfull \hbox (34.77618pt too wide) in alignment at lines 2037--2078
 [] [] [] [] [] [] 
 []


Underfull \vbox (badness 10000) detected at line 2078
 []


Overfull \hbox (34.77618pt too wide) in alignment at lines 2078--2118
 [] [] [] [] [] [] 
 []

[47 </home/irisdaniaj/Workspace/tesi/ranking_inn_dorm.pdf>]
Overfull \hbox (34.77618pt too wide) in alignment at lines 2118--2158
 [] [] [] [] [] [] 
 []


Overfull \hbox (34.77618pt too wide) in alignment at lines 2158--2198
 [] [] [] [] [] [] 
 []


Overfull \hbox (34.77618pt too wide) in alignment at lines 2198--2238
 [] [] [] [] [] [] 
 []

[48]
Overfull \hbox (34.77618pt too wide) in alignment at lines 2238--2278
 [] [] [] [] [] [] 
 []


Overfull \hbox (34.77618pt too wide) in alignment at lines 2278--2318
 [] [] [] [] [] [] 
 []

[49]
Overfull \hbox (34.77618pt too wide) in alignment at lines 2318--2341
 [] [] [] [] [] [] 
 []


LaTeX Warning: `!h' float specifier changed to `!ht'.


Underfull \hbox (badness 10000) in paragraph at lines 2377--2402

 []

[50]
<plot_incom_inn.pdf, id=413, 498.86375pt x 498.86375pt>
File: plot_incom_inn.pdf Graphic file (type pdf)
<use plot_incom_inn.pdf>
Package pdftex.def Info: plot_incom_inn.pdf  used on input line 2405.
(pdftex.def)             Requested size: 249.43126pt x 249.43126pt.
 [51] [52 </home/irisdaniaj/Workspace/tesi/plot_incom_inn.pdf>]
Underfull \hbox (badness 10000) in paragraph at lines 2443--2443
[][]\T1/ntxtlf/m/n/10 National Sta-ti-sti-cal In-sti-te of Bul-ga-ria []$\T1/ntxtt/m/n/10 https : / / www . nsi . bg / en / content / 2920 /
 []


Underfull \hbox (badness 10000) in paragraph at lines 2421--2456

 []


Underfull \hbox (badness 10000) in paragraph at lines 2421--2456

 []


Underfull \hbox (badness 10000) in paragraph at lines 2421--2456

 []

[53]pdfTeX warning (ext4): destination with the same identifier (name{page.53}) has been already used, duplicate ignored
<to be read again> 
                   \relax 
l.2461 \newpage
                [53] (/home/irisdaniaj/Workspace/tesi/tesi2.lof)
\tf@lof=\write4
\openout4 = `tesi2.lof'.

 [54


]
Underfull \hbox (badness 10000) in paragraph at lines 2475--2477
[]\T1/ntxtlf/m/n/12 Word Eco-no-mic Fo-rum []$\T1/ntxtt/m/n/12 https : / / www . weforum . org / agenda / 2016 / 09 /
 []


Underfull \hbox (badness 1412) in paragraph at lines 2478--2482
[]\T1/ntxtlf/m/n/12 Hanna Sh-vin-di-na, \T1/ntxtlf/m/it/12 Eco-no-mic Com-pe-ti-ti-ve-ness: An Over-view of Mul-ti-le-vel Con-
 []


Underfull \hbox (badness 10000) in paragraph at lines 2478--2482
\T1/ntxtlf/m/it/12 cept\T1/ntxtlf/m/n/12 , 2022 []$\T1/ntxtt/m/n/12 https : / / link . springer . com / referenceworkentry / 10 . 1007 /
 []


Underfull \hbox (badness 10000) in paragraph at lines 2483--2485
[]\T1/ntxtlf/m/n/12 Biografia di Hel-mut Has-se, []$\T1/ntxtt/m/n/12 https : / / mathshistory . st-[]andrews . ac . uk /
 []


Underfull \hbox (badness 10000) in paragraph at lines 2512--2514
[]\T1/ntxtlf/m/n/12 European In-no-va-tion Sco-re-board Me-tho-do-lo-gy Re-
 []


Underfull \hbox (badness 10000) in paragraph at lines 2512--2514
\T1/ntxtlf/m/n/12 port 2021 []$\T1/ntxtt/m/n/12 https : / / www . eustat . eus / elementos /
 []


Underfull \hbox (badness 10000) in paragraph at lines 2512--2514
\T1/ntxtt/m/n/12 European-[]Innovation-[]Scoreboard-[]2021-[]Methodology-[]Report / inf0019111 _ c .
 []


Underfull \hbox (badness 10000) in paragraph at lines 2518--2520
[]\T1/ntxtlf/m/n/12 Definizione di de-mo-gra-fia []$\T1/ntxtt/m/n/12 https : / / www . britannica . com / dictionary /
 []

[55

pdfTeX warning (ext4): destination with the same identifier (name{cite.lamport94}) has been already used, duplicate ignored

\AtBegShi@Output ...ipout \box \AtBeginShipoutBox 
                                                  \fi \fi 
l.2528 \end{thebibliography}
                            pdfTeX warning (ext4): destination with the same identifier (name{cite.lamport94}) has been already used, duplicate ignored

\AtBegShi@Output ...ipout \box \AtBeginShipoutBox 
                                                  \fi \fi 
l.2528 \end{thebibliography}
                            pdfTeX warning (ext4): destination with the same identifier (name{cite.lamport94}) has been already used, duplicate ignored

\AtBegShi@Output ...ipout \box \AtBeginShipoutBox 
                                                  \fi \fi 
l.2528 \end{thebibliography}
                            pdfTeX warning (ext4): destination with the same identifier (name{cite.lamport94}) has been already used, duplicate ignored

\AtBegShi@Output ...ipout \box \AtBeginShipoutBox 
                                                  \fi \fi 
l.2528 \end{thebibliography}
                            pdfTeX warning (ext4): destination with the same identifier (name{cite.lamport94}) has been already used, duplicate ignored

\AtBegShi@Output ...ipout \box \AtBeginShipoutBox 
                                                  \fi \fi 
l.2528 \end{thebibliography}
                            pdfTeX warning (ext4): destination with the same identifier (name{cite.lamport94}) has been already used, duplicate ignored

\AtBegShi@Output ...ipout \box \AtBeginShipoutBox 
                                                  \fi \fi 
l.2528 \end{thebibliography}
                            pdfTeX warning (ext4): destination with the same identifier (name{cite.lamport94}) has been already used, duplicate ignored

\AtBegShi@Output ...ipout \box \AtBeginShipoutBox 
                                                  \fi \fi 
l.2528 \end{thebibliography}
                            pdfTeX warning (ext4): destination with the same identifier (name{cite.lamport94}) has been already used, duplicate ignored

\AtBegShi@Output ...ipout \box \AtBeginShipoutBox 
                                                  \fi \fi 
l.2528 \end{thebibliography}
                            pdfTeX warning (ext4): destination with the same identifier (name{cite.lamport94}) has been already used, duplicate ignored

\AtBegShi@Output ...ipout \box \AtBeginShipoutBox 
                                                  \fi \fi 
l.2528 \end{thebibliography}
                            pdfTeX warning (ext4): destination with the same identifier (name{cite.lamport94}) has been already used, duplicate ignored

\AtBegShi@Output ...ipout \box \AtBeginShipoutBox 
                                                  \fi \fi 
l.2528 \end{thebibliography}
                            pdfTeX warning (ext4): destination with the same identifier (name{cite.lamport94}) has been already used, duplicate ignored

\AtBegShi@Output ...ipout \box \AtBeginShipoutBox 
                                                  \fi \fi 
l.2528 \end{thebibliography}
                            pdfTeX warning (ext4): destination with the same identifier (name{cite.lamport94}) has been already used, duplicate ignored

\AtBegShi@Output ...ipout \box \AtBeginShipoutBox 
                                                  \fi \fi 
l.2528 \end{thebibliography}
                            pdfTeX warning (ext4): destination with the same identifier (name{cite.lamport94}) has been already used, duplicate ignored

\AtBegShi@Output ...ipout \box \AtBeginShipoutBox 
                                                  \fi \fi 
l.2528 \end{thebibliography}
                            pdfTeX warning (ext4): destination with the same identifier (name{cite.lamport94}) has been already used, duplicate ignored

\AtBegShi@Output ...ipout \box \AtBeginShipoutBox 
                                                  \fi \fi 
l.2528 \end{thebibliography}
                            ] [56pdfTeX warning (ext4): destination with the same identifier (name{cite.lamport94}) has been already used, duplicate ignored

\AtBegShi@Output ...ipout \box \AtBeginShipoutBox 
                                                  \fi \fi 
l.2530 \end{document}
                     ]
Package atveryend Info: Empty hook `BeforeClearDocument' on input line 2530.
Package atveryend Info: Empty hook `AfterLastShipout' on input line 2530.
 (/home/irisdaniaj/Workspace/tesi/tesi2.aux)
Package atveryend Info: Executing hook `AtVeryEndDocument' on input line 2530.
Package atveryend Info: Empty hook `AtEndAfterFileList' on input line 2530.


LaTeX Font Warning: Size substitutions with differences
(Font)              up to 1.36998pt have occurred.


LaTeX Warning: There were multiply-defined labels.

Package atveryend Info: Empty hook `AtVeryVeryEnd' on input line 2530.
 ) 
Here is how much of TeX's memory you used:
 17342 strings out of 481239
 283100 string characters out of 5920378
 559610 words of memory out of 5000000
 32069 multiletter control sequences out of 15000+600000
 637289 words of font info for 179 fonts, out of 8000000 for 9000
 1141 hyphenation exceptions out of 8191
 48i,13n,77p,942b,474s stack positions out of 5000i,500n,10000p,200000b,80000s
pdfTeX warning (dest): name{Hfootnote.18} has been referenced but does not exist, replaced by a fixed one

pdfTeX warning (dest): name{Hfootnote.17} has been referenced but does not exist, replaced by a fixed one

pdfTeX warning (dest): name{Hfootnote.16} has been referenced but does not exist, replaced by a fixed one

pdfTeX warning (dest): name{Hfootnote.15} has been referenced but does not exist, replaced by a fixed one

pdfTeX warning (dest): name{Hfootnote.14} has been referenced but does not exist, replaced by a fixed one

pdfTeX warning (dest): name{Hfootnote.13} has been referenced but does not exist, replaced by a fixed one

pdfTeX warning (dest): name{Hfootnote.12} has been referenced but does not exist, replaced by a fixed one

pdfTeX warning (dest): name{Hfootnote.11} has been referenced but does not exist, replaced by a fixed one

pdfTeX warning (dest): name{Hfootnote.10} has been referenced but does not exist, replaced by a fixed one

pdfTeX warning (dest): name{Hfootnote.9} has been referenced but does not exist, replaced by a fixed one

pdfTeX warning (dest): name{Hfootnote.8} has been referenced but does not exist, replaced by a fixed one

pdfTeX warning (dest): name{Hfootnote.7} has been referenced but does not exist, replaced by a fixed one

pdfTeX warning (dest): name{Hfootnote.6} has been referenced but does not exist, replaced by a fixed one

pdfTeX warning (dest): name{Hfootnote.5} has been referenced but does not exist, replaced by a fixed one

pdfTeX warning (dest): name{Hfootnote.4} has been referenced but does not exist, replaced by a fixed one

pdfTeX warning (dest): name{Hfootnote.3} has been referenced but does not exist, replaced by a fixed one

pdfTeX warning (dest): name{Hfootnote.2} has been referenced but does not exist, replaced by a fixed one

pdfTeX warning (dest): name{Hfootnote.1} has been referenced but does not exist, replaced by a fixed one

{/usr/share/texmf/fonts/enc/dvips/tex-gyre/q-ts1.enc}{/usr/share/texlive/texmf-dist/fonts/enc/dvips/newtx/ntxsups_t1.enc}{/usr/share/texlive/texmf-dist/fonts/enc/dvips/newtx/ntx-ot1-tlf.enc}{/usr/share/texlive/texmf-dist/fonts/enc/dvips/newtx/ntx-ec-tlf.enc}{/usr/share/texlive/texmf-dist/fonts/enc/dvips/newtx/ntx-ec-tlf-sc.enc}</usr/share/texlive/texmf-dist/fonts/type1/public/newtx/NewTXMI.pfb></usr/share/texlive/texmf-dist/fonts/type1/public/newtx/NewTXMI7.pfb></usr/share/texlive/texmf-dist/fonts/type1/public/newtx/ntxsups-Italic.pfb></usr/share/texlive/texmf-dist/fonts/type1/public/newtx/ntxsups-Regular.pfb></usr/share/texmf/fonts/type1/public/tex-gyre/qtmb.pfb></usr/share/texmf/fonts/type1/public/tex-gyre/qtmr.pfb></usr/share/texmf/fonts/type1/public/tex-gyre/qtmri.pfb></usr/share/texlive/texmf-dist/fonts/type1/public/txfonts/t1xtt.pfb></usr/share/texlive/texmf-dist/fonts/type1/public/newtx/txexs.pfb></usr/share/texlive/texmf-dist/fonts/type1/public/newtx/txmiaX.pfb></usr/share/texlive/texmf-dist/fonts/type1/public/txfonts/txsya.pfb></usr/share/texlive/texmf-dist/fonts/type1/public/newtx/txsys.pfb>
Output written on /home/irisdaniaj/Workspace/tesi/tesi2.pdf (61 pages, 350080 bytes).
PDF statistics:
 636 PDF objects out of 1000 (max. 8388607)
 535 compressed objects within 6 object streams
 134 named destinations out of 1000 (max. 500000)
 231 words of extra memory for PDF output out of 10000 (max. 10000000)

